2026-04-29 10:45:30 INFO     starting web server
2026-04-29 10:45:30 INFO     checking alerts to push notify
2026-04-29 10:46:30 INFO     checking alerts to push notify
2026-04-29 10:47:30 INFO     checking alerts to push notify
2026-04-29 10:48:30 INFO     checking alerts to push notify
2026-04-29 10:49:30 INFO     checking alerts to push notify
2026-04-29 10:50:30 INFO     checking alerts to push notify
2026-04-29 10:51:30 INFO     checking alerts to push notify
2026-04-29 10:52:30 INFO     checking alerts to push notify
2026-04-29 10:53:30 INFO     checking alerts to push notify
2026-04-29 10:54:30 INFO     checking alerts to push notify
2026-04-29 10:55:30 INFO     checking alerts to push notify
2026-04-29 10:56:30 INFO     checking alerts to push notify
2026-04-29 10:57:30 INFO     checking alerts to push notify
2026-04-29 10:58:30 INFO     checking alerts to push notify
2026-04-29 10:59:30 INFO     checking alerts to push notify
2026-04-29 11:00:30 INFO     checking alerts to push notify
2026-04-29 11:20:16 INFO     starting web server
2026-04-29 11:20:16 INFO     checking alerts to push notify
2026-04-29 11:21:16 INFO     checking alerts to push notify
2026-04-29 11:22:16 INFO     checking alerts to push notify
2026-04-29 11:23:16 INFO     checking alerts to push notify
2026-04-29 11:24:16 INFO     checking alerts to push notify
2026-04-29 11:25:16 INFO     checking alerts to push notify
2026-04-29 11:26:16 INFO     checking alerts to push notify
2026-04-29 11:27:16 INFO     checking alerts to push notify
2026-04-29 11:28:16 INFO     checking alerts to push notify
2026-04-29 11:29:16 INFO     checking alerts to push notify
2026-04-29 11:30:16 INFO     checking alerts to push notify
2026-04-29 11:31:16 INFO     checking alerts to push notify
2026-04-29 11:32:16 INFO     checking alerts to push notify
2026-04-29 11:33:16 INFO     checking alerts to push notify
2026-04-29 11:34:16 INFO     checking alerts to push notify
2026-04-29 11:35:16 INFO     checking alerts to push notify
2026-04-29 11:36:16 INFO     checking alerts to push notify
2026-04-29 11:37:16 INFO     checking alerts to push notify
2026-04-29 11:38:16 INFO     checking alerts to push notify
2026-04-29 11:39:16 INFO     checking alerts to push notify
2026-04-29 11:40:16 INFO     checking alerts to push notify
2026-04-29 11:41:16 INFO     checking alerts to push notify
2026-04-29 11:42:16 INFO     checking alerts to push notify
2026-04-29 11:43:16 INFO     checking alerts to push notify
2026-04-29 11:44:16 INFO     checking alerts to push notify
2026-04-29 11:45:16 INFO     checking alerts to push notify
2026-04-29 11:46:26 INFO     starting web server
2026-04-29 11:46:26 INFO     checking alerts to push notify
2026-04-29 11:47:26 INFO     checking alerts to push notify
2026-04-29 11:50:03 INFO     starting web server
2026-04-29 11:50:03 INFO     checking alerts to push notify
2026-04-29 11:51:03 INFO     checking alerts to push notify
2026-04-29 11:53:12 INFO     starting web server
2026-04-29 11:53:12 INFO     checking alerts to push notify
2026-04-29 11:54:12 INFO     checking alerts to push notify
2026-04-29 11:55:12 INFO     checking alerts to push notify
2026-04-29 11:56:12 INFO     checking alerts to push notify
2026-04-29 11:57:12 INFO     checking alerts to push notify
2026-04-29 11:58:12 INFO     checking alerts to push notify
2026-04-29 11:59:12 INFO     checking alerts to push notify
2026-04-29 12:00:12 INFO     checking alerts to push notify
2026-04-29 12:01:12 INFO     checking alerts to push notify
2026-04-29 12:02:12 INFO     checking alerts to push notify
2026-04-29 12:03:12 INFO     checking alerts to push notify
2026-04-29 12:04:12 INFO     checking alerts to push notify
2026-04-29 12:05:12 INFO     checking alerts to push notify
2026-04-29 12:06:12 INFO     checking alerts to push notify
2026-04-29 13:22:15 INFO     starting web server
2026-04-29 13:22:15 INFO     checking alerts to push notify
2026-04-29 13:23:36 INFO     starting web server
2026-04-29 13:23:36 INFO     checking alerts to push notify
2026-04-29 13:24:36 INFO     checking alerts to push notify
2026-04-29 13:25:36 INFO     checking alerts to push notify
2026-04-29 13:26:36 INFO     checking alerts to push notify
2026-04-29 13:27:36 INFO     checking alerts to push notify
2026-04-29 13:50:30 INFO     starting web server
2026-04-29 13:50:30 INFO     checking alerts to push notify
2026-04-29 13:51:30 INFO     checking alerts to push notify
2026-04-29 13:52:30 INFO     checking alerts to push notify
2026-04-29 13:53:30 INFO     checking alerts to push notify
2026-04-29 13:54:30 INFO     checking alerts to push notify
2026-04-29 13:55:30 INFO     checking alerts to push notify
2026-04-29 13:56:09 INFO     starting web server
2026-04-29 13:56:09 INFO     checking alerts to push notify
2026-04-29 14:31:06 INFO     starting web server
2026-04-29 14:31:06 INFO     checking alerts to push notify
2026-04-29 14:32:06 INFO     checking alerts to push notify
2026-04-29 14:33:06 INFO     checking alerts to push notify
2026-04-29 14:34:06 INFO     checking alerts to push notify
2026-04-29 14:35:06 INFO     checking alerts to push notify
2026-04-29 14:36:06 INFO     checking alerts to push notify
2026-04-29 14:37:06 INFO     checking alerts to push notify
2026-04-29 14:38:06 INFO     checking alerts to push notify
2026-04-29 14:39:17 INFO     starting web server
2026-04-29 14:39:17 INFO     checking alerts to push notify
2026-04-29 14:40:17 INFO     checking alerts to push notify
2026-04-29 14:41:17 INFO     checking alerts to push notify
2026-04-29 14:42:17 INFO     checking alerts to push notify
2026-04-29 14:43:17 INFO     checking alerts to push notify
2026-04-29 14:44:17 INFO     checking alerts to push notify
2026-04-29 14:45:17 INFO     checking alerts to push notify
2026-04-29 14:46:17 INFO     checking alerts to push notify
2026-04-29 14:47:17 INFO     checking alerts to push notify
2026-04-29 14:48:17 INFO     checking alerts to push notify
2026-04-29 14:49:17 INFO     checking alerts to push notify
2026-04-29 14:50:17 INFO     checking alerts to push notify
2026-04-29 14:51:17 INFO     checking alerts to push notify
2026-04-29 14:52:22 INFO     starting web server
2026-04-29 14:52:22 INFO     checking alerts to push notify
2026-04-29 14:53:22 INFO     checking alerts to push notify
2026-04-29 15:26:48 INFO     starting web server
2026-04-29 15:26:48 INFO     checking alerts to push notify
2026-04-29 15:27:48 INFO     checking alerts to push notify
2026-04-29 15:28:48 INFO     checking alerts to push notify
2026-04-29 15:29:48 INFO     checking alerts to push notify
2026-04-29 15:30:48 INFO     checking alerts to push notify
2026-04-29 15:31:48 INFO     checking alerts to push notify
2026-04-29 15:32:48 INFO     checking alerts to push notify
2026-04-29 15:33:48 INFO     checking alerts to push notify
2026-04-29 15:34:24 INFO     starting web server
2026-04-29 15:34:24 INFO     checking alerts to push notify
2026-04-29 15:35:24 INFO     checking alerts to push notify
2026-04-29 15:36:24 INFO     checking alerts to push notify
2026-04-29 15:37:24 INFO     checking alerts to push notify
2026-04-29 15:38:24 INFO     checking alerts to push notify
2026-04-29 15:39:45 INFO     starting web server
2026-04-29 15:39:45 INFO     checking alerts to push notify
2026-04-29 15:40:45 INFO     checking alerts to push notify
2026-04-29 15:41:45 INFO     checking alerts to push notify
2026-04-29 15:42:45 INFO     checking alerts to push notify
2026-04-29 15:43:45 INFO     checking alerts to push notify
2026-04-29 15:44:46 INFO     checking alerts to push notify
2026-04-29 15:45:46 INFO     checking alerts to push notify
2026-04-29 15:46:46 INFO     checking alerts to push notify
2026-04-29 15:47:46 INFO     checking alerts to push notify
2026-04-29 15:48:46 INFO     checking alerts to push notify
2026-04-29 15:49:46 INFO     checking alerts to push notify
2026-04-29 15:50:46 INFO     checking alerts to push notify
2026-04-29 15:51:46 INFO     checking alerts to push notify
2026-04-29 15:52:46 INFO     checking alerts to push notify
2026-04-29 15:53:46 INFO     checking alerts to push notify
2026-04-29 21:57:52 INFO     starting web server
2026-04-29 21:57:52 INFO     checking alerts to push notify
2026-04-29 21:58:52 INFO     checking alerts to push notify
2026-04-29 21:59:52 INFO     checking alerts to push notify
2026-04-29 22:00:57 INFO     starting web server
2026-04-29 22:00:57 INFO     checking alerts to push notify
2026-04-29 22:01:57 INFO     checking alerts to push notify
2026-04-29 22:02:57 INFO     checking alerts to push notify
2026-04-29 22:03:57 INFO     checking alerts to push notify
2026-04-29 22:04:10 INFO     starting web server
2026-04-29 22:04:10 INFO     checking alerts to push notify
2026-04-29 22:05:10 INFO     checking alerts to push notify
2026-04-29 22:06:10 INFO     checking alerts to push notify
2026-04-29 22:07:10 INFO     checking alerts to push notify
2026-04-29 22:08:10 INFO     checking alerts to push notify
2026-04-29 22:09:10 INFO     checking alerts to push notify
2026-04-29 22:10:10 INFO     checking alerts to push notify
2026-04-29 22:11:10 INFO     checking alerts to push notify
2026-04-29 22:12:10 INFO     checking alerts to push notify
2026-04-29 22:13:10 INFO     checking alerts to push notify
2026-04-29 22:14:10 INFO     checking alerts to push notify
2026-04-29 22:15:10 INFO     checking alerts to push notify
2026-04-29 22:16:10 INFO     checking alerts to push notify
2026-04-29 22:16:46 INFO     starting web server
2026-04-29 22:16:46 INFO     checking alerts to push notify
2026-04-29 22:17:46 INFO     checking alerts to push notify
2026-04-29 22:18:46 INFO     checking alerts to push notify
2026-04-29 22:19:46 INFO     checking alerts to push notify
2026-04-29 22:20:46 INFO     checking alerts to push notify
2026-04-29 22:21:46 INFO     checking alerts to push notify
2026-04-29 22:22:46 INFO     checking alerts to push notify
2026-04-29 22:23:46 INFO     checking alerts to push notify
2026-04-29 22:24:46 INFO     checking alerts to push notify
2026-04-29 22:25:46 INFO     checking alerts to push notify
2026-04-29 22:43:54 INFO     starting web server
2026-04-29 22:43:54 INFO     checking alerts to push notify
2026-04-29 22:44:23 ERROR    Exception in callback _ProactorBasePipeTransport._call_connection_lost()
handle: <Handle _ProactorBasePipeTransport._call_connection_lost()>
Traceback (most recent call last):
  File "C:\Users\iagel\AppData\Local\Programs\Python\Python313\Lib\asyncio\events.py", line 89, in _run
    self._context.run(self._callback, *self._args)
    ~~~~~~~~~~~~~~~~~^^^^^^^^^^^^^^^^^^^^^^^^^^^^^
  File "C:\Users\iagel\AppData\Local\Programs\Python\Python313\Lib\asyncio\proactor_events.py", line 165, in _call_connection_lost
    self._sock.shutdown(socket.SHUT_RDWR)
    ~~~~~~~~~~~~~~~~~~~^^^^^^^^^^^^^^^^^^
ConnectionResetError: [WinError 10054] An existing connection was forcibly closed by the remote host
2026-04-29 22:44:23 ERROR    Exception in callback _ProactorBasePipeTransport._call_connection_lost()
handle: <Handle _ProactorBasePipeTransport._call_connection_lost()>
Traceback (most recent call last):
  File "C:\Users\iagel\AppData\Local\Programs\Python\Python313\Lib\asyncio\events.py", line 89, in _run
    self._context.run(self._callback, *self._args)
    ~~~~~~~~~~~~~~~~~^^^^^^^^^^^^^^^^^^^^^^^^^^^^^
  File "C:\Users\iagel\AppData\Local\Programs\Python\Python313\Lib\asyncio\proactor_events.py", line 165, in _call_connection_lost
    self._sock.shutdown(socket.SHUT_RDWR)
    ~~~~~~~~~~~~~~~~~~~^^^^^^^^^^^^^^^^^^
ConnectionResetError: [WinError 10054] An existing connection was forcibly closed by the remote host
2026-04-29 22:44:23 ERROR    Exception in callback _ProactorBasePipeTransport._call_connection_lost()
handle: <Handle _ProactorBasePipeTransport._call_connection_lost()>
Traceback (most recent call last):
  File "C:\Users\iagel\AppData\Local\Programs\Python\Python313\Lib\asyncio\events.py", line 89, in _run
    self._context.run(self._callback, *self._args)
    ~~~~~~~~~~~~~~~~~^^^^^^^^^^^^^^^^^^^^^^^^^^^^^
  File "C:\Users\iagel\AppData\Local\Programs\Python\Python313\Lib\asyncio\proactor_events.py", line 165, in _call_connection_lost
    self._sock.shutdown(socket.SHUT_RDWR)
    ~~~~~~~~~~~~~~~~~~~^^^^^^^^^^^^^^^^^^
ConnectionResetError: [WinError 10054] An existing connection was forcibly closed by the remote host
2026-04-29 22:44:54 INFO     checking alerts to push notify
2026-04-29 22:45:54 INFO     checking alerts to push notify
2026-04-29 22:46:54 INFO     checking alerts to push notify
2026-04-29 22:47:54 INFO     checking alerts to push notify
2026-04-29 22:48:54 INFO     checking alerts to push notify
2026-04-29 22:49:14 INFO     starting web server
2026-04-29 22:49:14 INFO     checking alerts to push notify
2026-04-29 22:50:14 INFO     checking alerts to push notify
2026-04-30 19:30:07 INFO     starting web server
2026-04-30 19:30:07 INFO     checking alerts to push notify
